Determining if the pthread_create exist failed with the following output:
Change Dir: /media/sf_GitHub/Perception_Robotics/catkin_ws/build/CMakeFiles/CMakeTmp

Run Build Command:/usr/bin/make "cmTryCompileExec2516676846/fast"
make: Warning: File `Makefile' has modification time 1.7 s in the future
/usr/bin/make -f CMakeFiles/cmTryCompileExec2516676846.dir/build.make CMakeFiles/cmTryCompileExec2516676846.dir/build
make[1]: Entering directory `/media/sf_GitHub/Perception_Robotics/catkin_ws/build/CMakeFiles/CMakeTmp'
make[1]: Warning: File `CMakeFiles/cmTryCompileExec2516676846.dir/flags.make' has modification time 1.7 s in the future
/usr/bin/cmake -E cmake_progress_report /media/sf_GitHub/Perception_Robotics/catkin_ws/build/CMakeFiles/CMakeTmp/CMakeFiles 1
Building C object CMakeFiles/cmTryCompileExec2516676846.dir/CheckSymbolExists.c.o
/usr/bin/cc    -o CMakeFiles/cmTryCompileExec2516676846.dir/CheckSymbolExists.c.o   -c /media/sf_GitHub/Perception_Robotics/catkin_ws/build/CMakeFiles/CMakeTmp/CheckSymbolExists.c
Linking C executable cmTryCompileExec2516676846
/usr/bin/cmake -E cmake_link_script CMakeFiles/cmTryCompileExec2516676846.dir/link.txt --verbose=1
/usr/bin/cc       CMakeFiles/cmTryCompileExec2516676846.dir/CheckSymbolExists.c.o  -o cmTryCompileExec2516676846 -rdynamic 
CMakeFiles/cmTryCompileExec2516676846.dir/CheckSymbolExists.c.o: In function `main':
CheckSymbolExists.c:(.text+0x16): undefined reference to `pthread_create'
collect2: error: ld returned 1 exit status
make[1]: *** [cmTryCompileExec2516676846] Error 1
make[1]: Leaving directory `/media/sf_GitHub/Perception_Robotics/catkin_ws/build/CMakeFiles/CMakeTmp'
make: *** [cmTryCompileExec2516676846/fast] Error 2

File /media/sf_GitHub/Perception_Robotics/catkin_ws/build/CMakeFiles/CMakeTmp/CheckSymbolExists.c:
/* */
#include <pthread.h>

int main(int argc, char** argv)
{
  (void)argv;
#ifndef pthread_create
  return ((int*)(&pthread_create))[argc];
#else
  (void)argc;
  return 0;
#endif
}

Determining if the function pthread_create exists in the pthreads failed with the following output:
Change Dir: /media/sf_GitHub/Perception_Robotics/catkin_ws/build/CMakeFiles/CMakeTmp

Run Build Command:/usr/bin/make "cmTryCompileExec1131122881/fast"
make: Warning: File `Makefile' has modification time 1.7 s in the future
/usr/bin/make -f CMakeFiles/cmTryCompileExec1131122881.dir/build.make CMakeFiles/cmTryCompileExec1131122881.dir/build
make[1]: Entering directory `/media/sf_GitHub/Perception_Robotics/catkin_ws/build/CMakeFiles/CMakeTmp'
make[1]: Warning: File `CMakeFiles/cmTryCompileExec1131122881.dir/flags.make' has modification time 1.7 s in the future
/usr/bin/cmake -E cmake_progress_report /media/sf_GitHub/Perception_Robotics/catkin_ws/build/CMakeFiles/CMakeTmp/CMakeFiles 1
Building C object CMakeFiles/cmTryCompileExec1131122881.dir/CheckFunctionExists.c.o
/usr/bin/cc   -DCHECK_FUNCTION_EXISTS=pthread_create   -o CMakeFiles/cmTryCompileExec1131122881.dir/CheckFunctionExists.c.o   -c /usr/share/cmake-2.8/Modules/CheckFunctionExists.c
Linking C executable cmTryCompileExec1131122881
/usr/bin/cmake -E cmake_link_script CMakeFiles/cmTryCompileExec1131122881.dir/link.txt --verbose=1
/usr/bin/cc   -DCHECK_FUNCTION_EXISTS=pthread_create    CMakeFiles/cmTryCompileExec1131122881.dir/CheckFunctionExists.c.o  -o cmTryCompileExec1131122881 -rdynamic -lpthreads 
/usr/bin/ld: cannot find -lpthreads
collect2: error: ld returned 1 exit status
make[1]: *** [cmTryCompileExec1131122881] Error 1
make[1]: Leaving directory `/media/sf_GitHub/Perception_Robotics/catkin_ws/build/CMakeFiles/CMakeTmp'
make: *** [cmTryCompileExec1131122881/fast] Error 2


